# JRE version: Java(TM) SE Runtime Environment (18.0.2.1+1) (build 18.0.2.1+1-1)
# Java VM: Java HotSpot(TM) 64-Bit Server VM (18.0.2.1+1-1, mixed mode, sharing, tiered, compressed oops, compressed class ptrs, g1 gc, windows-amd64)
GC Precious Log:
 CardTable entry size: 512
 Card Set container configuration: InlinePtr #cards 5 size 8 Array Of Cards #cards 12 size 40 Howl #buckets 4 coarsen threshold 1843 Howl Bitmap #cards 512 size 80 coarsen threshold 460 Card regions per heap region 1 cards per card region 2048
 CPUs: 4 total, 4 available
 Memory: 8066M
 Large Page Support: Disabled
 NUMA Support: Disabled
 Compressed Oops: Enabled (32-bit)
 Heap Region Size: 1M
 Heap Min Capacity: 8M
 Heap Initial Capacity: 128M
 Heap Max Capacity: 2018M
 Pre-touch: Disabled
 Parallel Workers: 4
 Concurrent Workers: 1
 Concurrent Refinement Workers: 4
 Periodic GC: Disabled
Heap:
 garbage-first heap   total 92160K, used 47707K [0x0000000081e00000, 0x0000000100000000)
  region size 1024K, 31 young (31744K), 1 survivors (1024K)
 Metaspace       used 50613K, committed 51136K, reserved 1114112K
  class space    used 6885K, committed 7168K, reserved 1048576K
GC Heap History (20 events):
Event: 1.709 GC heap before
{Heap before GC invocations=1 (full 0):
 garbage-first heap   total 131072K, used 17784K [0x0000000081e00000, 0x0000000100000000)
  region size 1024K, 13 young (13312K), 2 survivors (2048K)
 Metaspace       used 5603K, committed 5760K, reserved 1114112K
  class space    used 676K, committed 768K, reserved 1048576K
}
Event: 1.715 GC heap after
{Heap after GC invocations=2 (full 0):
 garbage-first heap   total 131072K, used 7748K [0x0000000081e00000, 0x0000000100000000)
  region size 1024K, 2 young (2048K), 2 survivors (2048K)
 Metaspace       used 5603K, committed 5760K, reserved 1114112K
  class space    used 676K, committed 768K, reserved 1048576K
}
Event: 3.047 GC heap before
{Heap before GC invocations=2 (full 0):
 garbage-first heap   total 131072K, used 28228K [0x0000000081e00000, 0x0000000100000000)
  region size 1024K, 22 young (22528K), 2 survivors (2048K)
 Metaspace       used 11151K, committed 11328K, reserved 1114112K
  class space    used 1384K, committed 1472K, reserved 1048576K
}
Event: 3.054 GC heap after
{Heap after GC invocations=3 (full 0):
 garbage-first heap   total 131072K, used 9269K [0x0000000081e00000, 0x0000000100000000)
  region size 1024K, 3 young (3072K), 3 survivors (3072K)
 Metaspace       used 11151K, committed 11328K, reserved 1114112K
  class space    used 1384K, committed 1472K, reserved 1048576K
}
Event: 5.155 GC heap before
{Heap before GC invocations=3 (full 0):
 garbage-first heap   total 131072K, used 58421K [0x0000000081e00000, 0x0000000100000000)
  region size 1024K, 52 young (53248K), 3 survivors (3072K)
 Metaspace       used 21235K, committed 21504K, reserved 1114112K
  class space    used 2647K, committed 2816K, reserved 1048576K
}
Event: 5.169 GC heap after
{Heap after GC invocations=4 (full 0):
 garbage-first heap   total 131072K, used 12692K [0x0000000081e00000, 0x0000000100000000)
  region size 1024K, 6 young (6144K), 6 survivors (6144K)
 Metaspace       used 21235K, committed 21504K, reserved 1114112K
  class space    used 2647K, committed 2816K, reserved 1048576K
}
Event: 6.462 GC heap before
{Heap before GC invocations=5 (full 0):
 garbage-first heap   total 48128K, used 35220K [0x0000000081e00000, 0x0000000100000000)
  region size 1024K, 28 young (28672K), 6 survivors (6144K)
 Metaspace       used 27152K, committed 27520K, reserved 1114112K
  class space    used 3382K, committed 3584K, reserved 1048576K
}
Event: 6.486 GC heap after
{Heap after GC invocations=6 (full 0):
 garbage-first heap   total 48128K, used 14979K [0x0000000081e00000, 0x0000000100000000)
  region size 1024K, 3 young (3072K), 3 survivors (3072K)
 Metaspace       used 27152K, committed 27520K, reserved 1114112K
  class space    used 3382K, committed 3584K, reserved 1048576K
}
Event: 6.519 GC heap before
{Heap before GC invocations=6 (full 0):
 garbage-first heap   total 48128K, used 16003K [0x0000000081e00000, 0x0000000100000000)
  region size 1024K, 4 young (4096K), 3 survivors (3072K)
 Metaspace       used 27421K, committed 27776K, reserved 1114112K
  class space    used 3419K, committed 3584K, reserved 1048576K
}
Event: 6.527 GC heap after
{Heap after GC invocations=7 (full 0):
 garbage-first heap   total 48128K, used 15345K [0x0000000081e00000, 0x0000000100000000)
  region size 1024K, 1 young (1024K), 1 survivors (1024K)
 Metaspace       used 27421K, committed 27776K, reserved 1114112K
  class space    used 3419K, committed 3584K, reserved 1048576K
}
Event: 7.460 GC heap before
{Heap before GC invocations=7 (full 0):
 garbage-first heap   total 48128K, used 31729K [0x0000000081e00000, 0x0000000100000000)
  region size 1024K, 18 young (18432K), 1 survivors (1024K)
 Metaspace       used 31762K, committed 32192K, reserved 1114112K
  class space    used 4036K, committed 4224K, reserved 1048576K
}
Event: 7.465 GC heap after
{Heap after GC invocations=8 (full 0):
 garbage-first heap   total 48128K, used 15935K [0x0000000081e00000, 0x0000000100000000)
  region size 1024K, 2 young (2048K), 2 survivors (2048K)
 Metaspace       used 31762K, committed 32192K, reserved 1114112K
  class space    used 4036K, committed 4224K, reserved 1048576K
}
Event: 8.271 GC heap before
{Heap before GC invocations=8 (full 0):
 garbage-first heap   total 48128K, used 30271K [0x0000000081e00000, 0x0000000100000000)
  region size 1024K, 17 young (17408K), 2 survivors (2048K)
 Metaspace       used 35545K, committed 35968K, reserved 1114112K
  class space    used 4610K, committed 4800K, reserved 1048576K
}
Event: 8.277 GC heap after
{Heap after GC invocations=9 (full 0):
 garbage-first heap   total 48128K, used 16640K [0x0000000081e00000, 0x0000000100000000)
  region size 1024K, 2 young (2048K), 2 survivors (2048K)
 Metaspace       used 35545K, committed 35968K, reserved 1114112K
  class space    used 4610K, committed 4800K, reserved 1048576K
}
Event: 9.295 GC heap before
{Heap before GC invocations=10 (full 0):
 garbage-first heap   total 48128K, used 35072K [0x0000000081e00000, 0x0000000100000000)
  region size 1024K, 20 young (20480K), 2 survivors (2048K)
 Metaspace       used 40998K, committed 41408K, reserved 1114112K
  class space    used 5448K, committed 5632K, reserved 1048576K
}
Event: 9.305 GC heap after
{Heap after GC invocations=11 (full 0):
 garbage-first heap   total 48128K, used 17597K [0x0000000081e00000, 0x0000000100000000)
  region size 1024K, 2 young (2048K), 2 survivors (2048K)
 Metaspace       used 40998K, committed 41408K, reserved 1114112K
  class space    used 5448K, committed 5632K, reserved 1048576K
}
Event: 9.383 GC heap before
{Heap before GC invocations=11 (full 0):
 garbage-first heap   total 48128K, used 18621K [0x0000000081e00000, 0x0000000100000000)
  region size 1024K, 3 young (3072K), 2 survivors (2048K)
 Metaspace       used 41661K, committed 42048K, reserved 1114112K
  class space    used 5501K, committed 5696K, reserved 1048576K
}
Event: 9.390 GC heap after
{Heap after GC invocations=12 (full 0):
 garbage-first heap   total 48128K, used 17420K [0x0000000081e00000, 0x0000000100000000)
  region size 1024K, 1 young (1024K), 1 survivors (1024K)
 Metaspace       used 41661K, committed 42048K, reserved 1114112K
  class space    used 5501K, committed 5696K, reserved 1048576K
}
Event: 10.380 GC heap before
{Heap before GC invocations=12 (full 0):
 garbage-first heap   total 48128K, used 34828K [0x0000000081e00000, 0x0000000100000000)
  region size 1024K, 19 young (19456K), 1 survivors (1024K)
 Metaspace       used 45778K, committed 46208K, reserved 1114112K
  class space    used 6206K, committed 6400K, reserved 1048576K
}
Event: 10.384 GC heap after
{Heap after GC invocations=13 (full 0):
 garbage-first heap   total 92160K, used 18011K [0x0000000081e00000, 0x0000000100000000)
  region size 1024K, 1 young (1024K), 1 survivors (1024K)
 Metaspace       used 45778K, committed 46208K, reserved 1114112K
  class space    used 6206K, committed 6400K, reserved 1048576K
}

